<?xml version="1.0" encoding="UTF-8"?>
<!-- Generated by org.testng.reporters.JUnitReportReporter -->
<testsuite hostname="DESKTOP-8HD2FDV" failures="0" tests="1" name="test_cases.CarListPageTestCases" time="0.727" errors="0" timestamp="2022-06-02T17:44:23 COT" skipped="0">
  <testcase classname="test_cases.CarListPageTestCases" name="find_price_disscount" time="0.727"/>
  <system-out/>
</testsuite> <!-- test_cases.CarListPageTestCases -->
